<?xml version="1.0" encoding="UTF-8"?>
<!-- Generated by org.testng.reporters.JUnitReportReporter -->
<testsuite skipped="0" hostname="ADMINIB-3PMIR4A" name="basic.MyBasicFormAssignment" tests="1" failures="0" timestamp="25 Mar 2018 03:37:01 GMT" time="29.907" errors="0">
  <testcase name="method" time="29.907" classname="basic.MyBasicFormAssignment"/>
</testsuite> <!-- basic.MyBasicFormAssignment -->
