<?xml version="1.0" encoding="UTF-8"?>
<!-- Generated by org.testng.reporters.JUnitReportReporter -->
<testsuite skipped="0" hostname="ADMINIB-3PMIR4A" name="basic.MySeleniumAssignment4" tests="1" failures="0" timestamp="25 Mar 2018 03:20:21 GMT" time="51.838" errors="0">
  <testcase name="method" time="51.838" classname="basic.MySeleniumAssignment4"/>
</testsuite> <!-- basic.MySeleniumAssignment4 -->
