<?xml version="1.0" encoding="UTF-8"?>
<!-- Generated by org.testng.reporters.JUnitReportReporter -->
<testsuite skipped="0" hostname="ADMINIB-3PMIR4A" name="TestNGB9.ParallelClassB" tests="2" failures="0" timestamp="25 Mar 2018 05:12:03 GMT" time="20.015" errors="0">
  <testcase name="myTest1" time="10.015" classname="TestNGB9.ParallelClassB"/>
  <testcase name="myTest2" time="10.000" classname="TestNGB9.ParallelClassB"/>
</testsuite> <!-- TestNGB9.ParallelClassB -->
