<?xml version="1.0" encoding="UTF-8"?>
<!-- Generated by org.testng.reporters.JUnitReportReporter -->
<testsuite skipped="0" hostname="ADMINIB-3PMIR4A" name="TestNGB9.ParallelMethod" tests="4" failures="0" timestamp="25 Mar 2018 05:06:46 GMT" time="40.097" errors="0">
  <testcase name="myTest2" time="10.017" classname="TestNGB9.ParallelMethod"/>
  <testcase name="myTest1" time="10.017" classname="TestNGB9.ParallelMethod"/>
  <testcase name="myTest3" time="10.038" classname="TestNGB9.ParallelMethod"/>
  <testcase name="myTest4" time="10.025" classname="TestNGB9.ParallelMethod"/>
</testsuite> <!-- TestNGB9.ParallelMethod -->
