<?xml version="1.0" encoding="UTF-8"?>
<!-- Generated by org.testng.reporters.JUnitReportReporter -->
<testsuite skipped="0" hostname="ADMINIB-3PMIR4A" name="basic.MyFirstSeleniumProjectFireFox" tests="1" failures="0" timestamp="25 Mar 2018 03:20:21 GMT" time="50.253" errors="0">
  <testcase name="method" time="50.253" classname="basic.MyFirstSeleniumProjectFireFox"/>
</testsuite> <!-- basic.MyFirstSeleniumProjectFireFox -->
