<?xml version="1.0" encoding="UTF-8"?>
<!-- Generated by org.testng.reporters.JUnitReportReporter -->
<testsuite skipped="0" hostname="ADMINIB-3PMIR4A" name="keyworddriven.MyRightClick" tests="1" failures="0" timestamp="03 Apr 2018 15:12:29 GMT" time="14.395" errors="0">
  <testcase name="method1" time="14.395" classname="keyworddriven.MyRightClick"/>
</testsuite> <!-- keyworddriven.MyRightClick -->
