<?xml version="1.0" encoding="UTF-8"?>
<!-- Generated by org.testng.reporters.JUnitReportReporter -->
<testsuite skipped="0" hostname="ADMINIB-3PMIR4A" name="basic.MySeleniumAssignment2" tests="1" failures="0" timestamp="05 Jun 2018 11:18:05 GMT" time="40.879" errors="0">
  <testcase name="method" time="40.879" classname="basic.MySeleniumAssignment2"/>
</testsuite> <!-- basic.MySeleniumAssignment2 -->
