<?xml version="1.0" encoding="UTF-8"?>
<!-- Generated by org.testng.reporters.JUnitReportReporter -->
<testsuite skipped="0" hostname="ADMINIB-3PMIR4A" name="seleniumPractise.ProductAddToCart" tests="1" failures="0" timestamp="22 Jun 2018 07:02:19 GMT" time="41.605" errors="0">
  <testcase name="method" time="41.605" classname="seleniumPractise.ProductAddToCart"/>
</testsuite> <!-- seleniumPractise.ProductAddToCart -->
