<?xml version="1.0" encoding="UTF-8"?>
<!-- Generated by org.testng.reporters.JUnitReportReporter -->
<testsuite skipped="0" hostname="ADMINIB-3PMIR4A" name="TestNGB9.TestNGCompleteRun" tests="2" failures="0" timestamp="25 Mar 2018 04:20:49 GMT" time="0.011" errors="0">
  <testcase name="test2" time="0.004" classname="TestNGB9.TestNGCompleteRun"/>
  <testcase name="test1" time="0.007" classname="TestNGB9.TestNGCompleteRun"/>
</testsuite> <!-- TestNGB9.TestNGCompleteRun -->
