<?xml version="1.0" encoding="UTF-8"?>
<!-- Generated by org.testng.reporters.JUnitReportReporter -->
<testsuite skipped="0" hostname="ADMINIB-3PMIR4A" name="advance.MyFileAttachmentsWithRobot" tests="1" failures="0" timestamp="11 Mar 2018 04:09:46 GMT" time="30.939" errors="0">
  <testcase name="method" time="30.939" classname="advance.MyFileAttachmentsWithRobot"/>
</testsuite> <!-- advance.MyFileAttachmentsWithRobot -->
