<?xml version="1.0" encoding="UTF-8"?>
<!-- Generated by org.testng.reporters.JUnitReportReporter -->
<testsuite skipped="0" hostname="ADMINIB-3PMIR4A" name="advance.MyMultipleWindowProgram" tests="1" failures="0" timestamp="10 Mar 2018 03:50:25 GMT" time="20.821" errors="0">
  <testcase name="method" time="20.821" classname="advance.MyMultipleWindowProgram"/>
</testsuite> <!-- advance.MyMultipleWindowProgram -->
