<?xml version="1.0" encoding="UTF-8"?>
<!-- Generated by org.testng.reporters.JUnitReportReporter -->
<testsuite skipped="0" hostname="ADMINIB-3PMIR4A" name="TestNGB9.PriorityTest" tests="6" failures="0" timestamp="24 Mar 2018 05:10:11 GMT" time="0.018" errors="0">
  <testcase name="createG" time="0.011" classname="TestNGB9.PriorityTest"/>
  <testcase name="createU" time="0.001" classname="TestNGB9.PriorityTest"/>
  <testcase name="aaa" time="0.001" classname="TestNGB9.PriorityTest"/>
  <testcase name="login" time="0.002" classname="TestNGB9.PriorityTest"/>
  <testcase name="login1" time="0.001" classname="TestNGB9.PriorityTest"/>
  <testcase name="deleteU" time="0.002" classname="TestNGB9.PriorityTest"/>
</testsuite> <!-- TestNGB9.PriorityTest -->
