<?xml version="1.0" encoding="UTF-8"?>
<!-- Generated by org.testng.reporters.JUnitReportReporter -->
<testsuite skipped="0" hostname="ADMINIB-3PMIR4A" name="keyworddriven.KeywordDrivenScript1" tests="1" failures="0" timestamp="01 Apr 2018 04:27:50 GMT" time="16.234" errors="0">
  <testcase name="loginFacebook" time="16.234" classname="keyworddriven.KeywordDrivenScript1"/>
</testsuite> <!-- keyworddriven.KeywordDrivenScript1 -->
