<?xml version="1.0" encoding="UTF-8"?>
<!-- Generated by org.testng.reporters.JUnitReportReporter -->
<testsuite skipped="0" hostname="ADMINIB-3PMIR4A" name="advance.MyFileAttachments" tests="1" failures="0" timestamp="11 Mar 2018 03:40:03 GMT" time="17.351" errors="0">
  <testcase name="method" time="17.351" classname="advance.MyFileAttachments"/>
</testsuite> <!-- advance.MyFileAttachments -->
