<?xml version="1.0" encoding="UTF-8"?>
<!-- Generated by org.testng.reporters.JUnitReportReporter -->
<testsuite skipped="0" hostname="ADMINIB-3PMIR4A" name="TestNGB9.MyGroupB" tests="3" failures="0" timestamp="25 Mar 2018 03:57:35 GMT" time="0.006" errors="0">
  <testcase name="test3" time="0.001" classname="TestNGB9.MyGroupB"/>
  <testcase name="test4" time="0.003" classname="TestNGB9.MyGroupB"/>
  <testcase name="test2" time="0.002" classname="TestNGB9.MyGroupB"/>
</testsuite> <!-- TestNGB9.MyGroupB -->
