<?xml version="1.0" encoding="UTF-8"?>
<!-- Generated by org.testng.reporters.JUnitReportReporter -->
<testsuite skipped="0" hostname="ADMINIB-3PMIR4A" name="advance.MyTable" tests="1" failures="0" timestamp="25 Mar 2018 02:40:13 GMT" time="46.495" errors="0">
  <testcase name="test" time="46.495" classname="advance.MyTable"/>
</testsuite> <!-- advance.MyTable -->
