<?xml version="1.0" encoding="UTF-8"?>
<!-- Generated by org.testng.reporters.JUnitReportReporter -->
<testsuite skipped="0" hostname="ADMINIB-3PMIR4A" name="advance.MyScreenshots" tests="1" failures="0" timestamp="12 Mar 2018 12:05:44 GMT" time="12.205" errors="0">
  <testcase name="method" time="12.205" classname="advance.MyScreenshots"/>
</testsuite> <!-- advance.MyScreenshots -->
