<?xml version="1.0" encoding="UTF-8"?>
<!-- Generated by org.testng.reporters.JUnitReportReporter -->
<testsuite skipped="0" hostname="ADMINIB-3PMIR4A" name="advance.MyFileDownload" tests="1" failures="0" timestamp="11 Mar 2018 04:51:52 GMT" time="58.965" errors="0">
  <testcase name="myDownload" time="58.965" classname="advance.MyFileDownload"/>
</testsuite> <!-- advance.MyFileDownload -->
