<?xml version="1.0" encoding="UTF-8"?>
<!-- Generated by org.testng.reporters.JUnitReportReporter -->
<testsuite skipped="0" hostname="ADMINIB-3PMIR4A" name="keyworddriven.MyMouseHover" tests="1" failures="0" timestamp="03 Apr 2018 04:58:45 GMT" time="19.167" errors="0">
  <testcase name="testMethod1" time="19.167" classname="keyworddriven.MyMouseHover"/>
</testsuite> <!-- keyworddriven.MyMouseHover -->
