<?xml version="1.0" encoding="UTF-8"?>
<!-- Generated by org.testng.reporters.JUnitReportReporter -->
<testsuite skipped="0" hostname="ADMINIB-3PMIR4A" name="advance.MyActionClass" tests="1" failures="0" timestamp="25 Mar 2018 03:37:01 GMT" time="24.109" errors="0">
  <testcase name="method" time="24.109" classname="advance.MyActionClass"/>
</testsuite> <!-- advance.MyActionClass -->
