<?xml version="1.0" encoding="UTF-8"?>
<!-- Generated by org.testng.reporters.JUnitReportReporter -->
<testsuite skipped="0" hostname="ADMINIB-3PMIR4A" name="basic.MyFirstSeleniumScript" tests="1" failures="0" timestamp="03 Mar 2018 05:31:17 GMT" time="15.656" errors="0">
  <testcase name="method" time="15.656" classname="basic.MyFirstSeleniumScript"/>
</testsuite> <!-- basic.MyFirstSeleniumScript -->
