<?xml version="1.0" encoding="UTF-8"?>
<!-- Generated by org.testng.reporters.JUnitReportReporter -->
<testsuite skipped="1" hostname="ADMINIB-3PMIR4A" name="datadrivenframework.MyDataDrivenScript" tests="1" failures="0" timestamp="01 Apr 2018 03:38:19 GMT" time="0.000" errors="0">
  <testcase name="loginToFacebook" time="0.000" classname="datadrivenframework.MyDataDrivenScript">
    <skipped/>
  </testcase> <!-- loginToFacebook -->
</testsuite> <!-- datadrivenframework.MyDataDrivenScript -->
