<?xml version="1.0" encoding="UTF-8"?>
<!-- Generated by org.testng.reporters.JUnitReportReporter -->
<testsuite skipped="1" hostname="ADMINIB-3PMIR4A" name="TestNGB9.TestNGenabledDisabled" tests="2" failures="0" timestamp="25 Mar 2018 03:01:32 GMT" time="0.009" errors="0">
  <testcase name="myTest2" time="0.009" classname="TestNGB9.TestNGenabledDisabled"/>
  <testcase name="myTest1" classname="TestNGB9.TestNGenabledDisabled">
    <skipped/>
  </testcase> <!-- myTest1 -->
</testsuite> <!-- TestNGB9.TestNGenabledDisabled -->
