<?xml version="1.0" encoding="UTF-8"?>
<!-- Generated by org.testng.reporters.JUnitReportReporter -->
<testsuite skipped="0" hostname="ADMINIB-3PMIR4A" name="seleniumPractise.MyDropDownBoxPractise1" tests="1" failures="0" timestamp="04 May 2018 11:02:42 GMT" time="87.854" errors="0">
  <testcase name="method" time="87.854" classname="seleniumPractise.MyDropDownBoxPractise1"/>
</testsuite> <!-- seleniumPractise.MyDropDownBoxPractise1 -->
